<?xml version="1.0" encoding="UTF-8"?>
<testsuite xmlns:xsi="http://www.w3.org/2001/XMLSchema-instance" xsi:noNamespaceSchemaLocation="https://maven.apache.org/surefire/maven-surefire-plugin/xsd/surefire-test-report-3.0.xsd" version="3.0" name="com.example.vulnapp.EndToEndTest" time="6.416" tests="86" errors="0" skipped="0" failures="0">
  <properties>
[...]
</properties>
  <testcase name="openRedirectUsesLocationHeader" classname="com.example.vulnapp.EndToEndTest" time="0.071">
    <system-err><![CDATA[[main] INFO org.eclipse.jetty.util.log - Logging initialized @661ms to org.eclipse.jetty.util.log.Slf4jLog
[main] INFO org.eclipse.jetty.server.Server - jetty-9.4.53.v20231009; built: 2023-10-09T12:29:09.265Z; git: 27bde00a0b95a1d5bbee0eae7984f891d2d0f8c9; jvm 21.0.4+7-LTS
[main] INFO org.eclipse.jetty.server.session - DefaultSessionIdManager workerName=node0
[main] INFO org.eclipse.jetty.server.session - No SessionScavenger set, using defaults
[main] INFO org.eclipse.jetty.server.session - node0 Scavenging every 600000ms
[main] INFO org.eclipse.jetty.server.handler.ContextHandler - Started o.e.j.s.ServletContextHandler@3f92c349{/,file:///tmp/vulnapp-static5350724466311258878/,AVAILABLE}
[main] INFO org.eclipse.jetty.server.AbstractConnector - Started ServerConnector@5dd1c9f2{HTTP/1.1, (http/1.1)}{0.0.0.0:42263}
[main] INFO org.eclipse.jetty.server.Server - Started @1010ms
]]></system-err>
  </testcase>
  <testcase name="xssReflectsInput" classname="com.example.vulnapp.EndToEndTest" time="0.005"/>
  <testcase name="pathTraversalReadsSuppliedFile" classname="com.example.vulnapp.EndToEndTest" time="0.005"/>
  <testcase name="xxeParsesRequestBody" classname="com.example.vulnapp.EndToEndTest" time="0.023"/>
  <testcase name="ssrfSendsOutboundRequest" classname="com.example.vulnapp.EndToEndTest" time="0.011"/>
  <testcase name="unsafeDeserializationReadsObject" classname="com.example.vulnapp.EndToEndTest" time="0.01"/>
  <testcase name="arrayConstructCodeReachesSink" classname="com.example.vulnapp.EndToEndTest" time="0.005"/>
  <testcase name="responseSplittingSetsCookie" classname="com.example.vulnapp.EndToEndTest" time="0.004"/>
  <testcase name="xsltInjectionTransforms" classname="com.example.vulnapp.EndToEndTest" time="0.072"/>
  <testcase name="getEndpointReachesSink(String)[1]" classname="com.example.vulnapp.EndToEndTest" time="0.011"/>
  <testcase name="getEndpointReachesSink(String)[2]" classname="com.example.vulnapp.EndToEndTest" time="0.005"/>
  <testcase name="getEndpointReachesSink(String)[3]" classname="com.example.vulnapp.EndToEndTest" time="0.004"/>
  <testcase name="getEndpointReachesSink(String)[4]" classname="com.example.vulnapp.EndToEndTest" time="0.021"/>
  <testcase name="getEndpointReachesSink(String)[5]" classname="com.example.vulnapp.EndToEndTest" time="0.011"/>
  <testcase name="getEndpointReachesSink(String)[6]" classname="com.example.vulnapp.EndToEndTest" time="0.005"/>
  <testcase name="getEndpointReachesSink(String)[7]" classname="com.example.vulnapp.EndToEndTest" time="0.006"/>
  <testcase name="getEndpointReachesSink(String)[8]" classname="com.example.vulnapp.EndToEndTest" time="0.006"/>
  <testcase name="getEndpointReachesSink(String)[9]" classname="com.example.vulnapp.EndToEndTest" time="0.007"/>
  <testcase name="getEndpointReachesSink(String)[10]" classname="com.example.vulnapp.EndToEndTest" time="0.003"/>
  <testcase name="getEndpointReachesSink(String)[11]" classname="com.example.vulnapp.EndToEndTest" time="0.012"/>
  <testcase name="getEndpointReachesSink(String)[12]" classname="com.example.vulnapp.EndToEndTest" time="0.004"/>
  <testcase name="getEndpointReachesSink(String)[13]" classname="com.example.vulnapp.EndToEndTest" time="0.665"/>
  <testcase name="getEndpointReachesSink(String)[14]" classname="com.example.vulnapp.EndToEndTest" time="0.017"/>
  <testcase name="getEndpointReachesSink(String)[15]" classname="com.example.vulnapp.EndToEndTest" time="0.352"/>
  <testcase name="getEndpointReachesSink(String)[16]" classname="com.example.vulnapp.EndToEndTest" time="0.027"/>
  <testcase name="getEndpointReachesSink(String)[17]" classname="com.example.vulnapp.EndToEndTest" time="0.02"/>
  <testcase name="getEndpointReachesSink(String)[18]" classname="com.example.vulnapp.EndToEndTest" time="0.018"/>
  <testcase name="getEndpointReachesSink(String)[19]" classname="com.example.vulnapp.EndToEndTest" time="0.04"/>
  <testcase name="getEndpointReachesSink(String)[20]" classname="com.example.vulnapp.EndToEndTest" time="0.028"/>
  <testcase name="getEndpointReachesSink(String)[21]" classname="com.example.vulnapp.EndToEndTest" time="0.003"/>
  <testcase name="getEndpointReachesSink(String)[22]" classname="com.example.vulnapp.EndToEndTest" time="0.004"/>
  <testcase name="getEndpointReachesSink(String)[23]" classname="com.example.vulnapp.EndToEndTest" time="0.021"/>
  <testcase name="getEndpointReachesSink(String)[24]" classname="com.example.vulnapp.EndToEndTest" time="0.007"/>
  <testcase name="getEndpointReachesSink(String)[25]" classname="com.example.vulnapp.EndToEndTest" time="0.003"/>
  <testcase name="getEndpointReachesSink(String)[26]" classname="com.example.vulnapp.EndToEndTest" time="0.003">
    <system-err><![CDATA[[qtp61681175-71] WARN com.example.vulnapp.servlets.CWE_117_LogInjectionBad - User:'Guest'
]]></system-err>
  </testcase>
  <testcase name="getEndpointReachesSink(String)[27]" classname="com.example.vulnapp.EndToEndTest" time="0.004"/>
  <testcase name="getEndpointReachesSink(String)[28]" classname="com.example.vulnapp.EndToEndTest" time="0.002"/>
  <testcase name="getEndpointReachesSink(String)[29]" classname="com.example.vulnapp.EndToEndTest" time="0.002"/>
  <testcase name="getEndpointReachesSink(String)[30]" classname="com.example.vulnapp.EndToEndTest" time="0.002"/>
  <testcase name="getEndpointReachesSink(String)[31]" classname="com.example.vulnapp.EndToEndTest" time="0.002">
    <system-out><![CDATA[123 is not the right value. Hint: the card expires in 17.]]></system-out>
  </testcase>
  <testcase name="getEndpointReachesSink(String)[32]" classname="com.example.vulnapp.EndToEndTest" time="0.002"/>
  <testcase name="getEndpointReachesSink(String)[33]" classname="com.example.vulnapp.EndToEndTest" time="0.002"/>
  <testcase name="getEndpointReachesSink(String)[34]" classname="com.example.vulnapp.EndToEndTest" time="0.002"/>
  <testcase name="getEndpointReachesSink(String)[35]" classname="com.example.vulnapp.EndToEndTest" time="0.303"/>
  <testcase name="getEndpointReachesSink(String)[36]" classname="com.example.vulnapp.EndToEndTest" time="0.022"/>
  <testcase name="getEndpointReachesSink(String)[37]" classname="com.example.vulnapp.EndToEndTest" time="0.005"/>
  <testcase name="getEndpointReachesSink(String)[38]" classname="com.example.vulnapp.EndToEndTest" time="0.002"/>
  <testcase name="getEndpointReachesSink(String)[39]" classname="com.example.vulnapp.EndToEndTest" time="0.011">
    <system-err><![CDATA[[qtp61681175-66] WARN com.rabbitmq.client.TrustEverythingTrustManager - SECURITY ALERT: this trust manager trusts every certificate, effectively disabling peer verification. This is convenient for local development but offers no protection against man-in-the-middle attacks. Please see https://www.rabbitmq.com/ssl.html to learn more about peer certificate verification.
]]></system-err>
  </testcase>
  <testcase name="getEndpointReachesSink(String)[40]" classname="com.example.vulnapp.EndToEndTest" time="0.002"/>
  <testcase name="getEndpointReachesSink(String)[41]" classname="com.example.vulnapp.EndToEndTest" time="0.007"/>
  <testcase name="getEndpointReachesSink(String)[42]" classname="com.example.vulnapp.EndToEndTest" time="0.043"/>
  <testcase name="getEndpointReachesSink(String)[43]" classname="com.example.vulnapp.EndToEndTest" time="0.003"/>
  <testcase name="getEndpointReachesSink(String)[44]" classname="com.example.vulnapp.EndToEndTest" time="0.001"/>
  <testcase name="getEndpointReachesSink(String)[45]" classname="com.example.vulnapp.EndToEndTest" time="0.003"/>
  <testcase name="getEndpointReachesSink(String)[46]" classname="com.example.vulnapp.EndToEndTest" time="3.239"/>
  <testcase name="getEndpointReachesSink(String)[47]" classname="com.example.vulnapp.EndToEndTest" time="0.014"/>
  <testcase name="getEndpointReachesSink(String)[48]" classname="com.example.vulnapp.EndToEndTest" time="0.01"/>
  <testcase name="getEndpointReachesSink(String)[49]" classname="com.example.vulnapp.EndToEndTest" time="0.003"/>
  <testcase name="getEndpointReachesSink(String)[50]" classname="com.example.vulnapp.EndToEndTest" time="0.002"/>
  <testcase name="getEndpointReachesSink(String)[51]" classname="com.example.vulnapp.EndToEndTest" time="0.003"/>
  <testcase name="getEndpointReachesSink(String)[52]" classname="com.example.vulnapp.EndToEndTest" time="0.003"/>
  <testcase name="getEndpointReachesSink(String)[53]" classname="com.example.vulnapp.EndToEndTest" time="0.102"/>
  <testcase name="getEndpointReachesSink(String)[54]" classname="com.example.vulnapp.EndToEndTest" time="0.004"/>
  <testcase name="getEndpointReachesSink(String)[55]" classname="com.example.vulnapp.EndToEndTest" time="0.004"/>
  <testcase name="getEndpointReachesSink(String)[56]" classname="com.example.vulnapp.EndToEndTest" time="0.008"/>
  <testcase name="getEndpointReachesSink(String)[57]" classname="com.example.vulnapp.EndToEndTest" time="0.003"/>
  <testcase name="getEndpointReachesSink(String)[58]" classname="com.example.vulnapp.EndToEndTest" time="0.003"/>
  <testcase name="getEndpointReachesSink(String)[59]" classname="com.example.vulnapp.EndToEndTest" time="0.006"/>
  <testcase name="getEndpointReachesSink(String)[60]" classname="com.example.vulnapp.EndToEndTest" time="0.007"/>
  <testcase name="getEndpointReachesSink(String)[61]" classname="com.example.vulnapp.EndToEndTest" time="0.013"/>
  <testcase name="getEndpointReachesSink(String)[62]" classname="com.example.vulnapp.EndToEndTest" time="0.002"/>
  <testcase name="getEndpointReachesSink(String)[63]" classname="com.example.vulnapp.EndToEndTest" time="0.004"/>
  <testcase name="getEndpointReachesSink(String)[64]" classname="com.example.vulnapp.EndToEndTest" time="0.003"/>
  <testcase name="getEndpointReachesSink(String)[65]" classname="com.example.vulnapp.EndToEndTest" time="0.011"/>
  <testcase name="getEndpointReachesSink(String)[66]" classname="com.example.vulnapp.EndToEndTest" time="0.002"/>
  <testcase name="getEndpointReachesSink(String)[67]" classname="com.example.vulnapp.EndToEndTest" time="0.002"/>
  <testcase name="getEndpointReachesSink(String)[68]" classname="com.example.vulnapp.EndToEndTest" time="0.004"/>
  <testcase name="getEndpointReachesSink(String)[69]" classname="com.example.vulnapp.EndToEndTest" time="0.003"/>
  <testcase name="getEndpointReachesSink(String)[70]" classname="com.example.vulnapp.EndToEndTest" time="0.002"/>
  <testcase name="getEndpointReachesSink(String)[71]" classname="com.example.vulnapp.EndToEndTest" time="0.002"/>
  <testcase name="getEndpointReachesSink(String)[72]" classname="com.example.vulnapp.EndToEndTest" time="0.008"/>
  <testcase name="getEndpointReachesSink(String)[73]" classname="com.example.vulnapp.EndToEndTest" time="0.003"/>
  <testcase name="getEndpointReachesSink(String)[74]" classname="com.example.vulnapp.EndToEndTest" time="0.304"/>
  <testcase name="getEndpointReachesSink(String)[75]" classname="com.example.vulnapp.EndToEndTest" time="0.01"/>
  <testcase name="externalApiSinkReturns404" classname="com.example.vulnapp.EndToEndTest" time="0.004"/>
  <testcase name="sensitiveErrorReturns500" classname="com.example.vulnapp.EndToEndTest" time="0.002"/>
</testsuite>